c:\prueba\prueba\x64\debug\vc143.pdb
c:\prueba\prueba\x64\debug\.netframework,version=v4.7.2.assemblyattributes.obj
c:\prueba\prueba\x64\debug\myform1.obj
c:\prueba\prueba\x64\debug\myform.obj
c:\prueba\prueba\x64\debug\myform2.obj
c:\prueba\x64\debug\prueba.exe
c:\prueba\x64\debug\prueba.pdb
c:\prueba\prueba\x64\debug\calcu.obj
c:\prueba\prueba\x64\debug\prueba.tlog\cl.command.1.tlog
c:\prueba\prueba\x64\debug\prueba.tlog\cl.items.tlog
c:\prueba\prueba\x64\debug\prueba.tlog\cl.read.1.tlog
c:\prueba\prueba\x64\debug\prueba.tlog\cl.write.1.tlog
c:\prueba\prueba\x64\debug\prueba.tlog\link.command.1.tlog
c:\prueba\prueba\x64\debug\prueba.tlog\link.read.1.tlog
c:\prueba\prueba\x64\debug\prueba.tlog\link.write.1.tlog
c:\prueba\prueba\x64\debug\prueba.tlog\metagen.read.1.tlog
c:\prueba\prueba\x64\debug\prueba.tlog\metagen.write.1.tlog
c:\prueba\prueba\x64\debug\prueba.tlog\resgen.command.1.tlog
c:\prueba\prueba\x64\debug\prueba.tlog\resgen.read.1.tlog
c:\prueba\prueba\x64\debug\prueba.tlog\resgen.write.1.tlog
